
--- Job try1.gms Start 08/02/22 15:20:08 39.3.0 55b56f9b WEX-WEI x86 64bit/MS Windows
--- Applying:
    C:\GAMS\39\gmsprmNT.txt
--- GAMS Parameters defined
    Input "C:\Users\aless\Desktop\Knapsack_problem_3D_study\GAMS experiments\try1.gms"
    PageSize 0
    ScrDir "C:\Users\aless\Desktop\Knapsack_problem_3D_study\GAMS experiments\225a\"
    SysDir C:\GAMS\39\
    LogOption 3
    ErrMsg 1
    ErrorLog 99
    IDE 1
    LstTitleLeftAligned 1
Licensee: GAMS Demo license for Alessio La Greca         G220731|0002CO-GEN
          University of Milan, Italy                               DL071214
          C:\Users\aless\Documents\GAMS\gamslice.txt
          alessio.lagreca13@gmail.com, Alessio La Greca                    
          Demo license for demonstration and instructional purposes only
Processor information: 1 socket(s), 6 core(s), and 12 thread(s) available
GAMS 39.3.0   Copyright (C) 1987-2022 GAMS Development. All rights reserved
--- Starting compilation
--- try1.gms(253) 3 Mb 2 Errors
*** Error  57 in C:\Users\aless\Desktop\Knapsack_problem_3D_study\GAMS experiments\try1.gms
    Endogenous relational operations require model type "dnlp"
*** Error 256 in C:\Users\aless\Desktop\Knapsack_problem_3D_study\GAMS experiments\try1.gms
    Error(s) in analyzing solve statement.
*** The following MIP errors were detected in model try1:
     57 equation c_1.. VAR operands relational or boolean
     57 equation c_2a.. VAR operands relational or boolean
     57 equation c_2b.. VAR operands relational or boolean
     57 equation c_2c.. VAR operands relational or boolean
     57 equation c_2d.. VAR operands relational or boolean
     57 equation c_2e.. VAR operands relational or boolean
     57 equation c_2f.. VAR operands relational or boolean
--- try1.gms(253) 3 Mb 2 Errors
*** Status: Compilation error(s)
--- Job try1.gms Stop 08/02/22 15:20:08 elapsed 0:00:00.016
